<?xml version="1.0" encoding="UTF-8"?>
<!-- Generated by org.testng.reporters.JUnitReportReporter -->
<testsuite hostname="Ganesh-Bhadrike" failures="0" tests="1" name="allstuff.ApplicationLaunch" time="7.373" errors="0" timestamp="2025-06-30T19:10:05 IST" skipped="0">
  <testcase classname="allstuff.ApplicationLaunch" name="Amazon1" time="7.373"/>
</testsuite> <!-- allstuff.ApplicationLaunch -->
