<?xml version="1.0" encoding="UTF-8"?>
<!-- Generated by org.testng.reporters.JUnitReportReporter -->
<testsuite hostname="Ganesh-Bhadrike" failures="0" tests="1" name="allstuff.ApplicationLaunch" time="10.066" errors="0" timestamp="2025-07-01T01:53:58 IST" skipped="0">
  <testcase classname="allstuff.ApplicationLaunch" name="Amazon1" time="10.066"/>
</testsuite> <!-- allstuff.ApplicationLaunch -->
